<?xml version="1.0" encoding="UTF-8"?>
<robot generator="Robot 7.2.2 (Python 3.13.2 on win32)" generated="2025-09-26T21:20:21.863496" rpa="false" schemaversion="5">
<suite id="s1" name="Test" source="F:\Test project\Custome_Keywords\test.robot">
<test id="s1-t1" name="Validate UnSuccesful Login" line="26">
<kw name="open the browser with the Mortagage payment url" owner="resource" type="SETUP">
<kw name="Create Webdriver" owner="SeleniumLibrary">
<msg time="2025-09-26T21:20:22.315037" level="INFO">Creating an instance of the Firefox WebDriver.</msg>
<arg>Firefox</arg>
<doc>Creates an instance of Selenium WebDriver.</doc>
<status status="PASS" start="2025-09-26T21:20:22.314879" elapsed="6.231328"/>
</kw>
<kw name="Go To" owner="SeleniumLibrary">
<msg time="2025-09-26T21:20:28.547902" level="INFO">Opening url 'https://rahulshettyacademy.com/loginpagePractise/'</msg>
<arg>${Url}</arg>
<doc>Navigates the current browser window to the provided ``url``.</doc>
<status status="PASS" start="2025-09-26T21:20:28.547371" elapsed="0.964699"/>
</kw>
<kw name="Maximize Browser Window" owner="SeleniumLibrary">
<doc>Maximizes current browser window.</doc>
<status status="PASS" start="2025-09-26T21:20:29.512464" elapsed="0.014518"/>
</kw>
<status status="PASS" start="2025-09-26T21:20:22.313979" elapsed="7.213206"/>
</kw>
<kw name="Fill the Loging form" owner="LandingPage">
<kw name="Input Text" owner="SeleniumLibrary">
<msg time="2025-09-26T21:20:29.546664" level="INFO">Typing text 'rahulshe' into text field 'id:username'.</msg>
<arg>id:username</arg>
<arg>${userId}</arg>
<doc>Types the given ``text`` into the text field identified by ``locator``.</doc>
<status status="PASS" start="2025-09-26T21:20:29.532116" elapsed="0.229369"/>
</kw>
<kw name="Input Password" owner="SeleniumLibrary">
<msg time="2025-09-26T21:20:29.762142" level="INFO">Typing password into text field 'id:password'.</msg>
<msg time="2025-09-26T21:20:29.784306" level="INFO">Temporally setting log level to: NONE</msg>
<arg>id:password</arg>
<arg>${password}</arg>
<doc>Types the given password into the text field identified by ``locator``.</doc>
<status status="PASS" start="2025-09-26T21:20:29.761790" elapsed="0.046007"/>
</kw>
<kw name="Click Button" owner="SeleniumLibrary">
<msg time="2025-09-26T21:20:29.808497" level="INFO">Clicking button 'signInBtn'.</msg>
<arg>signInBtn</arg>
<doc>Clicks the button identified by ``locator``.</doc>
<status status="PASS" start="2025-09-26T21:20:29.808164" elapsed="0.110519"/>
</kw>
<arg>${User_invalid_id}</arg>
<arg>${User_invalidpass}</arg>
<status status="PASS" start="2025-09-26T21:20:29.528271" elapsed="0.390687"/>
</kw>
<kw name="wait until Element is located in the page" owner="ShopPage">
<kw name="Wait Until Element Is Visible" owner="SeleniumLibrary">
<arg>${element}</arg>
<doc>Waits until the element ``locator`` is visible.</doc>
<status status="PASS" start="2025-09-26T21:20:29.920938" elapsed="2.117755"/>
</kw>
<arg>${Error_Message_Login}</arg>
<status status="PASS" start="2025-09-26T21:20:29.919967" elapsed="2.118931"/>
</kw>
<kw name="verify error message is correct" owner="LandingPage">
<kw name="Element Text Should Be" owner="SeleniumLibrary">
<msg time="2025-09-26T21:20:32.039869" level="WARN">Keyword 'Element Text Should Be' found both from a custom library 'SeleniumLibrary' and a standard library 'XML'. The custom keyword is used. To select explicitly, and to get rid of this warning, use either 'SeleniumLibrary.Element Text Should Be' or 'XML.Element Text Should Be'.</msg>
<msg time="2025-09-26T21:20:32.040690" level="INFO">Verifying element 'css:.alert-danger' contains exact text 'Incorrect username/password.'.</msg>
<arg>${Error_Message_Login}</arg>
<arg>Incorrect username/password.</arg>
<doc>Verifies that element ``locator`` contains exact the text ``expected``.</doc>
<status status="PASS" start="2025-09-26T21:20:32.039935" elapsed="0.011145"/>
</kw>
<status status="PASS" start="2025-09-26T21:20:32.039428" elapsed="0.011838"/>
</kw>
<status status="PASS" start="2025-09-26T21:20:22.313173" elapsed="9.738595"/>
</test>
<test id="s1-t2" name="Validate Cards display in the shopping page" line="31">
<kw name="open the browser with the Mortagage payment url" owner="resource" type="SETUP">
<kw name="Create Webdriver" owner="SeleniumLibrary">
<msg time="2025-09-26T21:20:32.054539" level="INFO">Creating an instance of the Firefox WebDriver.</msg>
<arg>Firefox</arg>
<doc>Creates an instance of Selenium WebDriver.</doc>
<status status="PASS" start="2025-09-26T21:20:32.054299" elapsed="7.362993"/>
</kw>
<kw name="Go To" owner="SeleniumLibrary">
<msg time="2025-09-26T21:20:39.418191" level="INFO">Opening url 'https://rahulshettyacademy.com/loginpagePractise/'</msg>
<arg>${Url}</arg>
<doc>Navigates the current browser window to the provided ``url``.</doc>
<status status="PASS" start="2025-09-26T21:20:39.417765" elapsed="1.113955"/>
</kw>
<kw name="Maximize Browser Window" owner="SeleniumLibrary">
<doc>Maximizes current browser window.</doc>
<status status="PASS" start="2025-09-26T21:20:40.532265" elapsed="0.013933"/>
</kw>
<status status="PASS" start="2025-09-26T21:20:32.053784" elapsed="8.492603"/>
</kw>
<kw name="Fill the Loging form" owner="LandingPage">
<kw name="Input Text" owner="SeleniumLibrary">
<msg time="2025-09-26T21:20:40.548238" level="INFO">Typing text 'rahulshettyacademy' into text field 'id:username'.</msg>
<arg>id:username</arg>
<arg>${userId}</arg>
<doc>Types the given ``text`` into the text field identified by ``locator``.</doc>
<status status="PASS" start="2025-09-26T21:20:40.547820" elapsed="0.257064"/>
</kw>
<kw name="Input Password" owner="SeleniumLibrary">
<msg time="2025-09-26T21:20:40.805705" level="INFO">Typing password into text field 'id:password'.</msg>
<msg time="2025-09-26T21:20:40.816090" level="INFO">Temporally setting log level to: NONE</msg>
<arg>id:password</arg>
<arg>${password}</arg>
<doc>Types the given password into the text field identified by ``locator``.</doc>
<status status="PASS" start="2025-09-26T21:20:40.805265" elapsed="0.032528"/>
</kw>
<kw name="Click Button" owner="SeleniumLibrary">
<msg time="2025-09-26T21:20:40.838511" level="INFO">Clicking button 'signInBtn'.</msg>
<arg>signInBtn</arg>
<doc>Clicks the button identified by ``locator``.</doc>
<status status="PASS" start="2025-09-26T21:20:40.838189" elapsed="0.249849"/>
</kw>
<arg>${User_Valid_id}</arg>
<arg>${User_valid_pass}</arg>
<status status="PASS" start="2025-09-26T21:20:40.547017" elapsed="0.541275"/>
</kw>
<kw name="wait until Element is located in the page" owner="ShopPage">
<kw name="Wait Until Element Is Visible" owner="SeleniumLibrary">
<arg>${element}</arg>
<doc>Waits until the element ``locator`` is visible.</doc>
<status status="PASS" start="2025-09-26T21:20:41.092195" elapsed="3.337175"/>
</kw>
<arg>${Page}</arg>
<status status="PASS" start="2025-09-26T21:20:41.091330" elapsed="3.338372"/>
</kw>
<kw name="Verify card title in the shop page" owner="ShopPage">
<kw name="Create List" owner="BuiltIn">
<msg time="2025-09-26T21:20:44.442953" level="INFO">@{listelements} = [ iphone X | Samsung Note 8 | Nokia Edge | Blackberry ]</msg>
<var>@{listelements}</var>
<arg>iphone X</arg>
<arg>Samsung Note 8</arg>
<arg>Nokia Edge</arg>
<arg>Blackberry</arg>
<doc>Returns a list containing given items.</doc>
<status status="PASS" start="2025-09-26T21:20:44.434621" elapsed="0.009021"/>
</kw>
<kw name="Get WebElements" owner="SeleniumLibrary">
<msg time="2025-09-26T21:20:44.456524" level="INFO">@{LIST} = [ &lt;selenium.webdriver.remote.webelement.WebElement (session="62ac5485-a060-4b49-af27-d813d1a1fe5d", element="704d16f2-eb49-47f7-bf20-1db14b3b274f")&gt; | &lt;selenium.webdriver.remote.webelement.WebElement ...</msg>
<var>@{LIST}</var>
<arg>css:.card-title</arg>
<doc>Returns a list of WebElement objects matching the ``locator``.</doc>
<status status="PASS" start="2025-09-26T21:20:44.444348" elapsed="0.012281"/>
</kw>
<kw name="Create List" owner="BuiltIn">
<msg time="2025-09-26T21:20:44.457320" level="INFO">@{actuallist} = [ ]</msg>
<var>@{actuallist}</var>
<doc>Returns a list containing given items.</doc>
<status status="PASS" start="2025-09-26T21:20:44.456943" elapsed="0.000926"/>
</kw>
<for flavor="IN">
<iter>
<kw name="Log" owner="BuiltIn">
<msg time="2025-09-26T21:20:44.654126" level="INFO">iphone X</msg>
<arg>${element.text}</arg>
<doc>Logs the given message with the given level.</doc>
<status status="PASS" start="2025-09-26T21:20:44.460024" elapsed="0.194251"/>
</kw>
<kw name="Append To List" owner="Collections">
<arg>${actuallist}</arg>
<arg>${element.text}</arg>
<doc>Adds ``values`` to the end of ``list``.</doc>
<status status="PASS" start="2025-09-26T21:20:44.654616" elapsed="0.049291"/>
</kw>
<var name="${element}">&lt;selenium.webdriver.remote.webelement.WebElement (session="62ac5485-a060-4b49-af27-d813d1a1fe5d", element="704d16f2-eb49-47f7-bf20-1db14b3b274f")&gt;</var>
<status status="PASS" start="2025-09-26T21:20:44.459599" elapsed="0.244540"/>
</iter>
<iter>
<kw name="Log" owner="BuiltIn">
<msg time="2025-09-26T21:20:44.756237" level="INFO">Samsung Note 8</msg>
<arg>${element.text}</arg>
<doc>Logs the given message with the given level.</doc>
<status status="PASS" start="2025-09-26T21:20:44.704757" elapsed="0.051599"/>
</kw>
<kw name="Append To List" owner="Collections">
<arg>${actuallist}</arg>
<arg>${element.text}</arg>
<doc>Adds ``values`` to the end of ``list``.</doc>
<status status="PASS" start="2025-09-26T21:20:44.756669" elapsed="0.040011"/>
</kw>
<var name="${element}">&lt;selenium.webdriver.remote.webelement.WebElement (session="62ac5485-a060-4b49-af27-d813d1a1fe5d", element="7cc805c4-515e-4978-971e-7db91b85ecc8")&gt;</var>
<status status="PASS" start="2025-09-26T21:20:44.704481" elapsed="0.092336"/>
</iter>
<iter>
<kw name="Log" owner="BuiltIn">
<msg time="2025-09-26T21:20:44.823210" level="INFO">Nokia Edge</msg>
<arg>${element.text}</arg>
<doc>Logs the given message with the given level.</doc>
<status status="PASS" start="2025-09-26T21:20:44.797340" elapsed="0.026019"/>
</kw>
<kw name="Append To List" owner="Collections">
<arg>${actuallist}</arg>
<arg>${element.text}</arg>
<doc>Adds ``values`` to the end of ``list``.</doc>
<status status="PASS" start="2025-09-26T21:20:44.823679" elapsed="0.045278"/>
</kw>
<var name="${element}">&lt;selenium.webdriver.remote.webelement.WebElement (session="62ac5485-a060-4b49-af27-d813d1a1fe5d", element="a4b0cec4-d13d-4e2a-97d4-639eadf46849")&gt;</var>
<status status="PASS" start="2025-09-26T21:20:44.797098" elapsed="0.072024"/>
</iter>
<iter>
<kw name="Log" owner="BuiltIn">
<msg time="2025-09-26T21:20:44.894133" level="INFO">Blackberry</msg>
<arg>${element.text}</arg>
<doc>Logs the given message with the given level.</doc>
<status status="PASS" start="2025-09-26T21:20:44.869627" elapsed="0.024593"/>
</kw>
<kw name="Append To List" owner="Collections">
<arg>${actuallist}</arg>
<arg>${element.text}</arg>
<doc>Adds ``values`` to the end of ``list``.</doc>
<status status="PASS" start="2025-09-26T21:20:44.894442" elapsed="0.022274"/>
</kw>
<var name="${element}">&lt;selenium.webdriver.remote.webelement.WebElement (session="62ac5485-a060-4b49-af27-d813d1a1fe5d", element="29282a6f-9b5f-4d66-847d-23c8e8ead730")&gt;</var>
<status status="PASS" start="2025-09-26T21:20:44.869388" elapsed="0.047487"/>
</iter>
<var>${element}</var>
<value>@{LIST}</value>
<status status="PASS" start="2025-09-26T21:20:44.458228" elapsed="0.458824"/>
</for>
<kw name="Lists Should Be Equal" owner="Collections">
<arg>${actuallist}</arg>
<arg>${listelements}</arg>
<doc>Fails if given lists are unequal.</doc>
<status status="PASS" start="2025-09-26T21:20:44.917591" elapsed="0.001090"/>
</kw>
<status status="PASS" start="2025-09-26T21:20:44.433512" elapsed="0.485410"/>
</kw>
<kw name="Add Card Shop List" owner="shop">
<msg time="2025-09-26T21:20:44.945949" level="INFO">Clicking button 'xpath:(//*[@class='card-footer'])[1]/button'.</msg>
<msg time="2025-09-26T21:20:45.078785" level="INFO">Clicking button 'xpath:(//*[@class='card-footer'])[3]/button'.</msg>
<msg time="2025-09-26T21:20:45.196751" level="INFO">Clicking link 'css:li.active a'.</msg>
<msg time="2025-09-26T21:20:45.635463" level="INFO">Cart items: ['', 'iphone X', 'Sim cart', '', 'Nokia Edge', 'Sim cart']</msg>
<arg>${productLists}</arg>
<status status="PASS" start="2025-09-26T21:20:44.920118" elapsed="0.715543"/>
</kw>
<kw name="Verify items in the checkout page and process" owner="CheckoutPage">
<kw name="Click Element" owner="SeleniumLibrary">
<msg time="2025-09-26T21:20:45.637689" level="INFO">Clicking element 'css:.btn.btn-success'.</msg>
<arg>css:.btn.btn-success</arg>
<doc>Click the element identified by ``locator``.</doc>
<status status="PASS" start="2025-09-26T21:20:45.637378" elapsed="0.147779"/>
</kw>
<kw name="Wait Until Page Contains Element" owner="SeleniumLibrary">
<arg>css:.btn.btn-success</arg>
<doc>Waits until the element ``locator`` appears on the current page.</doc>
<status status="PASS" start="2025-09-26T21:20:45.785509" elapsed="0.004479"/>
</kw>
<status status="PASS" start="2025-09-26T21:20:45.636774" elapsed="0.153549"/>
</kw>
<kw name="Enter the contry and select it" owner="ConfermationPage">
<kw name="Input Text" owner="SeleniumLibrary">
<msg time="2025-09-26T21:20:45.793605" level="INFO">Typing text 'India' into text field 'id:country'.</msg>
<arg>id:country</arg>
<arg>${country_name}</arg>
<doc>Types the given ``text`` into the text field identified by ``locator``.</doc>
<status status="PASS" start="2025-09-26T21:20:45.792767" elapsed="0.077022"/>
</kw>
<kw name="wait until Element is located in the page" owner="ShopPage">
<kw name="Wait Until Element Is Visible" owner="SeleniumLibrary">
<msg time="2025-09-26T21:20:51.055387" level="INFO" html="true">&lt;/td&gt;&lt;/tr&gt;&lt;tr&gt;&lt;td colspan="3"&gt;&lt;a href="selenium-screenshot-1.png"&gt;&lt;img src="selenium-screenshot-1.png" width="800px"&gt;&lt;/a&gt;</msg>
<msg time="2025-09-26T21:20:51.055998" level="FAIL">Element '//a[text()='India']' not visible after 5 seconds.</msg>
<arg>${element}</arg>
<doc>Waits until the element ``locator`` is visible.</doc>
<status status="FAIL" start="2025-09-26T21:20:45.870893" elapsed="5.192782">Element '//a[text()='India']' not visible after 5 seconds.</status>
</kw>
<arg>//a[text()='India']</arg>
<status status="FAIL" start="2025-09-26T21:20:45.870240" elapsed="5.193758">Element '//a[text()='India']' not visible after 5 seconds.</status>
</kw>
<kw name="Click Element" owner="SeleniumLibrary">
<arg>//a[text()='${country_name}']</arg>
<doc>Click the element identified by ``locator``.</doc>
<status status="NOT RUN" start="2025-09-26T21:20:51.064243" elapsed="0.000046"/>
</kw>
<kw name="Click Element" owner="SeleniumLibrary">
<arg>css:.checkbox label</arg>
<doc>Click the element identified by ``locator``.</doc>
<status status="NOT RUN" start="2025-09-26T21:20:51.064424" elapsed="0.000031"/>
</kw>
<arg>${country_name}</arg>
<status status="FAIL" start="2025-09-26T21:20:45.791711" elapsed="5.272879">Element '//a[text()='India']' not visible after 5 seconds.</status>
</kw>
<status status="FAIL" start="2025-09-26T21:20:32.052522" elapsed="19.012477">Element '//a[text()='India']' not visible after 5 seconds.</status>
</test>
<test id="s1-t3" name="Select the from and navigate to the child window" line="41">
<kw name="open the browser with the Mortagage payment url" owner="resource" type="SETUP">
<kw name="Create Webdriver" owner="SeleniumLibrary">
<msg time="2025-09-26T21:20:51.069768" level="INFO">Creating an instance of the Firefox WebDriver.</msg>
<arg>Firefox</arg>
<doc>Creates an instance of Selenium WebDriver.</doc>
<status status="PASS" start="2025-09-26T21:20:51.069536" elapsed="7.552788"/>
</kw>
<kw name="Go To" owner="SeleniumLibrary">
<msg time="2025-09-26T21:20:58.623275" level="INFO">Opening url 'https://rahulshettyacademy.com/loginpagePractise/'</msg>
<arg>${Url}</arg>
<doc>Navigates the current browser window to the provided ``url``.</doc>
<status status="PASS" start="2025-09-26T21:20:58.622856" elapsed="0.908623"/>
</kw>
<kw name="Maximize Browser Window" owner="SeleniumLibrary">
<doc>Maximizes current browser window.</doc>
<status status="PASS" start="2025-09-26T21:20:59.558911" elapsed="0.029190"/>
</kw>
<status status="PASS" start="2025-09-26T21:20:51.069033" elapsed="8.519295"/>
</kw>
<kw name="Fill the login details and login form" owner="LandingPage">
<kw name="Input Text" owner="SeleniumLibrary">
<msg time="2025-09-26T21:20:59.597791" level="INFO">Typing text 'rahulshettyacademy' into text field 'id:username'.</msg>
<arg>id:username</arg>
<arg>rahulshettyacademy</arg>
<doc>Types the given ``text`` into the text field identified by ``locator``.</doc>
<status status="PASS" start="2025-09-26T21:20:59.597312" elapsed="0.233032"/>
</kw>
<kw name="Input Password" owner="SeleniumLibrary">
<msg time="2025-09-26T21:20:59.831221" level="INFO">Typing password into text field 'id:password'.</msg>
<msg time="2025-09-26T21:20:59.866813" level="INFO">Temporally setting log level to: NONE</msg>
<arg>id:password</arg>
<arg>learning</arg>
<doc>Types the given password into the text field identified by ``locator``.</doc>
<status status="PASS" start="2025-09-26T21:20:59.830849" elapsed="0.073112"/>
</kw>
<kw name="Click Element" owner="SeleniumLibrary">
<msg time="2025-09-26T21:20:59.904646" level="INFO">Clicking element 'css:input[value='user']'.</msg>
<arg>css:input[value='user']</arg>
<doc>Click the element identified by ``locator``.</doc>
<status status="PASS" start="2025-09-26T21:20:59.904302" elapsed="0.143742"/>
</kw>
<kw name="Wait Until Element Is Visible" owner="SeleniumLibrary">
<arg>css:.modal-body</arg>
<doc>Waits until the element ``locator`` is visible.</doc>
<status status="PASS" start="2025-09-26T21:21:00.050064" elapsed="0.330058"/>
</kw>
<kw name="Click Button" owner="SeleniumLibrary">
<msg time="2025-09-26T21:21:00.381087" level="INFO">Clicking button 'id:okayBtn'.</msg>
<arg>id:okayBtn</arg>
<doc>Clicks the button identified by ``locator``.</doc>
<status status="PASS" start="2025-09-26T21:21:00.380752" elapsed="0.351336"/>
</kw>
<kw name="Click Button" owner="SeleniumLibrary">
<msg time="2025-09-26T21:21:00.732797" level="INFO">Clicking button 'id:okayBtn'.</msg>
<msg time="2025-09-26T21:21:01.396874" level="INFO" html="true">&lt;/td&gt;&lt;/tr&gt;&lt;tr&gt;&lt;td colspan="3"&gt;&lt;a href="selenium-screenshot-2.png"&gt;&lt;img src="selenium-screenshot-2.png" width="800px"&gt;&lt;/a&gt;</msg>
<msg time="2025-09-26T21:21:01.397712" level="FAIL">ElementNotInteractableException: Message: Element &lt;button id="okayBtn" class="btn btn-success" type="button"&gt; could not be scrolled into view
Stacktrace:
RemoteError@chrome://remote/content/shared/RemoteError.sys.mjs:8:8
WebDriverError@chrome://remote/content/shared/webdriver/Errors.sys.mjs:202:5
ElementNotInteractableError@chrome://remote/content/shared/webdriver/Errors.sys.mjs:371:5
webdriverClickElement@chrome://remote/content/marionette/interaction.sys.mjs:165:11
interaction.clickElement@chrome://remote/content/marionette/interaction.sys.mjs:134:11
clickElement@chrome://remote/content/marionette/actors/MarionetteCommandsChild.sys.mjs:327:29
receiveMessage@chrome://remote/content/marionette/actors/MarionetteCommandsChild.sys.mjs:210:31
</msg>
<arg>id:okayBtn</arg>
<doc>Clicks the button identified by ``locator``.</doc>
<status status="FAIL" start="2025-09-26T21:21:00.732464" elapsed="1.765930">ElementNotInteractableException: Message: Element &lt;button id="okayBtn" class="btn btn-success" type="button"&gt; could not be scrolled into view
Stacktrace:
RemoteError@chrome://remote/content/shared/RemoteError.sys.mjs:8:8
WebDriverError@chrome://remote/content/shared/webdriver/Errors.sys.mjs:202:5
ElementNotInteractableError@chrome://remote/content/shared/webdriver/Errors.sys.mjs:371:5
webdriverClickElement@chrome://remote/content/marionette/interaction.sys.mjs:165:11
interaction.clickElement@chrome://remote/content/marionette/interaction.sys.mjs:134:11
clickElement@chrome://remote/content/marionette/actors/MarionetteCommandsChild.sys.mjs:327:29
receiveMessage@chrome://remote/content/marionette/actors/MarionetteCommandsChild.sys.mjs:210:31
</status>
</kw>
<kw name="Wait Until Element Is Not Visible" owner="SeleniumLibrary">
<arg>css:.modal-body</arg>
<doc>Waits until the element ``locator`` is not visible.</doc>
<status status="NOT RUN" start="2025-09-26T21:21:02.500147" elapsed="0.000162"/>
</kw>
<kw name="Select From List By Value" owner="SeleniumLibrary">
<arg>css:Select.form-control</arg>
<arg>teach</arg>
<doc>Selects options from selection list ``locator`` by ``values``.</doc>
<status status="NOT RUN" start="2025-09-26T21:21:02.500925" elapsed="0.000084"/>
</kw>
<kw name="Select Checkbox" owner="SeleniumLibrary">
<arg>terms</arg>
<doc>Selects the checkbox identified by ``locator``.</doc>
<status status="NOT RUN" start="2025-09-26T21:21:02.501269" elapsed="0.000055"/>
</kw>
<kw name="Checkbox Should Be Selected" owner="SeleniumLibrary">
<arg>terms</arg>
<doc>Verifies checkbox ``locator`` is selected/checked.</doc>
<status status="NOT RUN" start="2025-09-26T21:21:02.501579" elapsed="0.000058"/>
</kw>
<kw name="Click Button" owner="SeleniumLibrary">
<arg>id:signInBtn</arg>
<doc>Clicks the button identified by ``locator``.</doc>
<status status="NOT RUN" start="2025-09-26T21:21:02.501833" elapsed="0.000044"/>
</kw>
<kw name="Wait Until Page Contains Element" owner="SeleniumLibrary">
<arg>css:.nav-link</arg>
<doc>Waits until the element ``locator`` appears on the current page.</doc>
<status status="NOT RUN" start="2025-09-26T21:21:02.506131" elapsed="0.000124"/>
</kw>
<status status="FAIL" start="2025-09-26T21:20:59.596525" elapsed="2.910051">ElementNotInteractableException: Message: Element &lt;button id="okayBtn" class="btn btn-success" type="button"&gt; could not be scrolled into view
Stacktrace:
RemoteError@chrome://remote/content/shared/RemoteError.sys.mjs:8:8
WebDriverError@chrome://remote/content/shared/webdriver/Errors.sys.mjs:202:5
ElementNotInteractableError@chrome://remote/content/shared/webdriver/Errors.sys.mjs:371:5
webdriverClickElement@chrome://remote/content/marionette/interaction.sys.mjs:165:11
interaction.clickElement@chrome://remote/content/marionette/interaction.sys.mjs:134:11
clickElement@chrome://remote/content/marionette/actors/MarionetteCommandsChild.sys.mjs:327:29
receiveMessage@chrome://remote/content/marionette/actors/MarionetteCommandsChild.sys.mjs:210:31
</status>
</kw>
<status status="FAIL" start="2025-09-26T21:20:51.067910" elapsed="11.443100">ElementNotInteractableException: Message: Element &lt;button id="okayBtn" class="btn btn-success" type="button"&gt; could not be scrolled into view
Stacktrace:
RemoteError@chrome://remote/content/shared/RemoteError.sys.mjs:8:8
WebDriverError@chrome://remote/content/shared/webdriver/Errors.sys.mjs:202:5
ElementNotInteractableError@chrome://remote/content/shared/webdriver/Errors.sys.mjs:371:5
webdriverClickElement@chrome://remote/content/marionette/interaction.sys.mjs:165:11
interaction.clickElement@chrome://remote/content/marionette/interaction.sys.mjs:134:11
clickElement@chrome://remote/content/marionette/actors/MarionetteCommandsChild.sys.mjs:327:29
receiveMessage@chrome://remote/content/marionette/actors/MarionetteCommandsChild.sys.mjs:210:31
</status>
</test>
<doc>To validate the Login form</doc>
<status status="FAIL" start="2025-09-26T21:20:21.864986" elapsed="40.697335"/>
</suite>
<statistics>
<total>
<stat pass="1" fail="2" skip="0">All Tests</stat>
</total>
<tag>
</tag>
<suite>
<stat name="Test" id="s1" pass="1" fail="2" skip="0">Test</stat>
</suite>
</statistics>
<errors>
<msg time="2025-09-26T21:20:32.039869" level="WARN">Keyword 'Element Text Should Be' found both from a custom library 'SeleniumLibrary' and a standard library 'XML'. The custom keyword is used. To select explicitly, and to get rid of this warning, use either 'SeleniumLibrary.Element Text Should Be' or 'XML.Element Text Should Be'.</msg>
</errors>
</robot>
