<?xml version="1.0" encoding="UTF-8"?>
<robot generator="Robot 7.2.2 (Python 3.13.2 on win32)" generated="2025-06-07T23:39:15.230770" rpa="false" schemaversion="5">
<suite id="s1" name="Test" source="F:\Test project\Custome_Keywords\test.robot">
<test id="s1-t1" name="Validate UnSuccesful Login" line="20">
<kw name="open the browser with the Mortagage payment url" owner="resource" type="SETUP">
<kw name="Create Webdriver" owner="SeleniumLibrary">
<msg time="2025-06-07T23:39:15.659985" level="INFO">Creating an instance of the Chrome WebDriver.</msg>
<arg>Chrome</arg>
<doc>Creates an instance of Selenium WebDriver.</doc>
<status status="PASS" start="2025-06-07T23:39:15.659847" elapsed="2.232840"/>
</kw>
<kw name="Go To" owner="SeleniumLibrary">
<msg time="2025-06-07T23:39:17.893979" level="INFO">Opening url 'https://rahulshettyacademy.com/loginpagePractise/'</msg>
<arg>${Url}</arg>
<doc>Navigates the current browser window to the provided ``url``.</doc>
<status status="PASS" start="2025-06-07T23:39:17.893638" elapsed="0.630845"/>
</kw>
<kw name="Maximize Browser Window" owner="SeleniumLibrary">
<doc>Maximizes current browser window.</doc>
<status status="PASS" start="2025-06-07T23:39:18.524724" elapsed="0.031453"/>
</kw>
<status status="PASS" start="2025-06-07T23:39:15.658660" elapsed="2.897684"/>
</kw>
<kw name="Fill the Loging form" owner="LandingPage">
<kw name="Input Text" owner="SeleniumLibrary">
<msg time="2025-06-07T23:39:18.558387" level="INFO">Typing text 'rahulshe' into text field 'id:username'.</msg>
<arg>id:username</arg>
<arg>${userId}</arg>
<doc>Types the given ``text`` into the text field identified by ``locator``.</doc>
<status status="PASS" start="2025-06-07T23:39:18.557481" elapsed="0.131291"/>
</kw>
<kw name="Input Password" owner="SeleniumLibrary">
<msg time="2025-06-07T23:39:18.689454" level="INFO">Typing password into text field 'id:password'.</msg>
<msg time="2025-06-07T23:39:18.766115" level="INFO">Temporally setting log level to: NONE</msg>
<arg>id:password</arg>
<arg>${password}</arg>
<doc>Types the given password into the text field identified by ``locator``.</doc>
<status status="PASS" start="2025-06-07T23:39:18.689132" elapsed="0.132762"/>
</kw>
<kw name="Click Button" owner="SeleniumLibrary">
<msg time="2025-06-07T23:39:18.822399" level="INFO">Clicking button 'signInBtn'.</msg>
<arg>signInBtn</arg>
<doc>Clicks the button identified by ``locator``.</doc>
<status status="PASS" start="2025-06-07T23:39:18.822148" elapsed="0.069557"/>
</kw>
<arg>${User_invalid_id}</arg>
<arg>${User_invalidpass}</arg>
<status status="PASS" start="2025-06-07T23:39:18.556961" elapsed="0.334915"/>
</kw>
<kw name="wait until Element is located in the page" owner="ShopPage">
<kw name="Wait Until Element Is Visible" owner="SeleniumLibrary">
<arg>${element}</arg>
<doc>Waits until the element ``locator`` is visible.</doc>
<status status="PASS" start="2025-06-07T23:39:18.892636" elapsed="2.196245"/>
</kw>
<arg>${Error_Message_Login}</arg>
<status status="PASS" start="2025-06-07T23:39:18.892299" elapsed="2.196731"/>
</kw>
<kw name="verify error message is correct" owner="LandingPage">
<kw name="Element Text Should Be" owner="SeleniumLibrary">
<msg time="2025-06-07T23:39:21.089787" level="WARN">Keyword 'Element Text Should Be' found both from a custom library 'SeleniumLibrary' and a standard library 'XML'. The custom keyword is used. To select explicitly, and to get rid of this warning, use either 'SeleniumLibrary.Element Text Should Be' or 'XML.Element Text Should Be'.</msg>
<msg time="2025-06-07T23:39:21.090379" level="INFO">Verifying element 'css:.alert-danger' contains exact text 'Incorrect username/password.'.</msg>
<arg>${Error_Message_Login}</arg>
<arg>Incorrect username/password.</arg>
<doc>Verifies that element ``locator`` contains exact the text ``expected``.</doc>
<status status="PASS" start="2025-06-07T23:39:21.089832" elapsed="0.017203"/>
</kw>
<status status="PASS" start="2025-06-07T23:39:21.089516" elapsed="0.017636"/>
</kw>
<kw name="Close Browser" owner="SeleniumLibrary" type="TEARDOWN">
<doc>Closes the current browser.</doc>
<status status="PASS" start="2025-06-07T23:39:21.107574" elapsed="2.232056"/>
</kw>
<status status="PASS" start="2025-06-07T23:39:15.657918" elapsed="7.682365"/>
</test>
<test id="s1-t2" name="Validate Cards display in the shopping page" line="25">
<kw name="open the browser with the Mortagage payment url" owner="resource" type="SETUP">
<kw name="Create Webdriver" owner="SeleniumLibrary">
<msg time="2025-06-07T23:39:23.344065" level="INFO">Creating an instance of the Chrome WebDriver.</msg>
<arg>Chrome</arg>
<doc>Creates an instance of Selenium WebDriver.</doc>
<status status="PASS" start="2025-06-07T23:39:23.343795" elapsed="1.857970"/>
</kw>
<kw name="Go To" owner="SeleniumLibrary">
<msg time="2025-06-07T23:39:25.202131" level="INFO">Opening url 'https://rahulshettyacademy.com/loginpagePractise/'</msg>
<arg>${Url}</arg>
<doc>Navigates the current browser window to the provided ``url``.</doc>
<status status="PASS" start="2025-06-07T23:39:25.201957" elapsed="0.666333"/>
</kw>
<kw name="Maximize Browser Window" owner="SeleniumLibrary">
<doc>Maximizes current browser window.</doc>
<status status="PASS" start="2025-06-07T23:39:25.868600" elapsed="0.034406"/>
</kw>
<status status="PASS" start="2025-06-07T23:39:23.343200" elapsed="2.559924"/>
</kw>
<kw name="Fill the Loging form" owner="LandingPage">
<kw name="Input Text" owner="SeleniumLibrary">
<msg time="2025-06-07T23:39:25.904163" level="INFO">Typing text 'rahulshettyacademy' into text field 'id:username'.</msg>
<arg>id:username</arg>
<arg>${userId}</arg>
<doc>Types the given ``text`` into the text field identified by ``locator``.</doc>
<status status="PASS" start="2025-06-07T23:39:25.903925" elapsed="0.128814"/>
</kw>
<kw name="Input Password" owner="SeleniumLibrary">
<msg time="2025-06-07T23:39:26.033429" level="INFO">Typing password into text field 'id:password'.</msg>
<msg time="2025-06-07T23:39:26.072342" level="INFO">Temporally setting log level to: NONE</msg>
<arg>id:password</arg>
<arg>${password}</arg>
<doc>Types the given password into the text field identified by ``locator``.</doc>
<status status="PASS" start="2025-06-07T23:39:26.033071" elapsed="0.095288"/>
</kw>
<kw name="Click Button" owner="SeleniumLibrary">
<msg time="2025-06-07T23:39:26.129277" level="INFO">Clicking button 'signInBtn'.</msg>
<arg>signInBtn</arg>
<doc>Clicks the button identified by ``locator``.</doc>
<status status="PASS" start="2025-06-07T23:39:26.128810" elapsed="0.063410"/>
</kw>
<arg>${User_Valid_id}</arg>
<arg>${User_valid_pass}</arg>
<status status="PASS" start="2025-06-07T23:39:25.903465" elapsed="0.288874"/>
</kw>
<kw name="wait until Element is located in the page" owner="ShopPage">
<kw name="Wait Until Element Is Visible" owner="SeleniumLibrary">
<arg>${element}</arg>
<doc>Waits until the element ``locator`` is visible.</doc>
<status status="PASS" start="2025-06-07T23:39:26.193284" elapsed="3.555789"/>
</kw>
<arg>${Page}</arg>
<status status="PASS" start="2025-06-07T23:39:26.192771" elapsed="3.556466"/>
</kw>
<kw name="Verify card title in the shop page">
<kw name="Create List" owner="BuiltIn">
<msg time="2025-06-07T23:39:29.750303" level="INFO">@{listelements} = [ iphone X | Samsung Note 8 | Nokia Edge | Blackberry ]</msg>
<var>@{listelements}</var>
<arg>iphone X</arg>
<arg>Samsung Note 8</arg>
<arg>Nokia Edge</arg>
<arg>Blackberry</arg>
<doc>Returns a list containing given items.</doc>
<status status="PASS" start="2025-06-07T23:39:29.750119" elapsed="0.000218"/>
</kw>
<kw name="Get WebElements" owner="SeleniumLibrary">
<msg time="2025-06-07T23:39:29.762379" level="INFO">@{LIST} = [ &lt;selenium.webdriver.remote.webelement.WebElement (session="fa51ed785a18e7d450487f5b8d82e0b7", element="f.8748641C46AE23B502C4815CBA8C3B9B.d.1B85E20E4FE74E0366891E06D27F9E1C.e.68")&gt; | &lt;selenium.webdr...</msg>
<var>@{LIST}</var>
<arg>css:.card-title</arg>
<doc>Returns a list of WebElement objects matching the ``locator``.</doc>
<status status="PASS" start="2025-06-07T23:39:29.750509" elapsed="0.011966"/>
</kw>
<kw name="Create List" owner="BuiltIn">
<msg time="2025-06-07T23:39:29.763024" level="INFO">@{actuallist} = [ ]</msg>
<var>@{actuallist}</var>
<doc>Returns a list containing given items.</doc>
<status status="PASS" start="2025-06-07T23:39:29.762839" elapsed="0.000218"/>
</kw>
<for flavor="IN">
<iter>
<kw name="Log" owner="BuiltIn">
<msg time="2025-06-07T23:39:29.781801" level="INFO">iphone X</msg>
<arg>${element.text}</arg>
<doc>Logs the given message with the given level.</doc>
<status status="PASS" start="2025-06-07T23:39:29.763580" elapsed="0.018312"/>
</kw>
<kw name="Append To List" owner="Collections">
<arg>${actuallist}</arg>
<arg>${element.text}</arg>
<doc>Adds ``values`` to the end of ``list``.</doc>
<status status="PASS" start="2025-06-07T23:39:29.782127" elapsed="0.021006"/>
</kw>
<var name="${element}">&lt;selenium.webdriver.remote.webelement.WebElement (session="fa51ed785a18e7d450487f5b8d82e0b7", element="f.8748641C46AE23B502C4815CBA8C3B9B.d.1B85E20E4FE74E0366891E06D27F9E1C.e.68")&gt;</var>
<status status="PASS" start="2025-06-07T23:39:29.763421" elapsed="0.039826"/>
</iter>
<iter>
<kw name="Log" owner="BuiltIn">
<msg time="2025-06-07T23:39:29.827839" level="INFO">Samsung Note 8</msg>
<arg>${element.text}</arg>
<doc>Logs the given message with the given level.</doc>
<status status="PASS" start="2025-06-07T23:39:29.803650" elapsed="0.024290"/>
</kw>
<kw name="Append To List" owner="Collections">
<arg>${actuallist}</arg>
<arg>${element.text}</arg>
<doc>Adds ``values`` to the end of ``list``.</doc>
<status status="PASS" start="2025-06-07T23:39:29.828180" elapsed="0.008963"/>
</kw>
<var name="${element}">&lt;selenium.webdriver.remote.webelement.WebElement (session="fa51ed785a18e7d450487f5b8d82e0b7", element="f.8748641C46AE23B502C4815CBA8C3B9B.d.1B85E20E4FE74E0366891E06D27F9E1C.e.69")&gt;</var>
<status status="PASS" start="2025-06-07T23:39:29.803470" elapsed="0.033748"/>
</iter>
<iter>
<kw name="Log" owner="BuiltIn">
<msg time="2025-06-07T23:39:29.845014" level="INFO">Nokia Edge</msg>
<arg>${element.text}</arg>
<doc>Logs the given message with the given level.</doc>
<status status="PASS" start="2025-06-07T23:39:29.837449" elapsed="0.007674"/>
</kw>
<kw name="Append To List" owner="Collections">
<arg>${actuallist}</arg>
<arg>${element.text}</arg>
<doc>Adds ``values`` to the end of ``list``.</doc>
<status status="PASS" start="2025-06-07T23:39:29.845346" elapsed="0.009114"/>
</kw>
<var name="${element}">&lt;selenium.webdriver.remote.webelement.WebElement (session="fa51ed785a18e7d450487f5b8d82e0b7", element="f.8748641C46AE23B502C4815CBA8C3B9B.d.1B85E20E4FE74E0366891E06D27F9E1C.e.70")&gt;</var>
<status status="PASS" start="2025-06-07T23:39:29.837347" elapsed="0.017227"/>
</iter>
<iter>
<kw name="Log" owner="BuiltIn">
<msg time="2025-06-07T23:39:29.863852" level="INFO">Blackberry</msg>
<arg>${element.text}</arg>
<doc>Logs the given message with the given level.</doc>
<status status="PASS" start="2025-06-07T23:39:29.854963" elapsed="0.008985"/>
</kw>
<kw name="Append To List" owner="Collections">
<arg>${actuallist}</arg>
<arg>${element.text}</arg>
<doc>Adds ``values`` to the end of ``list``.</doc>
<status status="PASS" start="2025-06-07T23:39:29.864167" elapsed="0.007398"/>
</kw>
<var name="${element}">&lt;selenium.webdriver.remote.webelement.WebElement (session="fa51ed785a18e7d450487f5b8d82e0b7", element="f.8748641C46AE23B502C4815CBA8C3B9B.d.1B85E20E4FE74E0366891E06D27F9E1C.e.71")&gt;</var>
<status status="PASS" start="2025-06-07T23:39:29.854765" elapsed="0.016881"/>
</iter>
<var>${element}</var>
<value>@{LIST}</value>
<status status="PASS" start="2025-06-07T23:39:29.763168" elapsed="0.108533"/>
</for>
<kw name="Lists Should Be Equal" owner="Collections">
<arg>${actuallist}</arg>
<arg>${listelements}</arg>
<doc>Fails if given lists are unequal.</doc>
<status status="PASS" start="2025-06-07T23:39:29.871872" elapsed="0.000224"/>
</kw>
<status status="PASS" start="2025-06-07T23:39:29.749798" elapsed="0.122370"/>
</kw>
<kw name="Add Card Shop List" owner="shop">
<msg time="2025-06-07T23:39:29.901315" level="INFO">Clicking button 'xpath:(//*[@class = 'card-footer'])[1]/button'.</msg>
<msg time="2025-06-07T23:39:29.979953" level="INFO">Clicking button 'xpath:(//*[@class = 'card-footer'])[1]/button'.</msg>
<arg>${productLists}</arg>
<status status="PASS" start="2025-06-07T23:39:29.872483" elapsed="0.167066"/>
</kw>
<kw name="Close Browser" owner="SeleniumLibrary" type="TEARDOWN">
<doc>Closes the current browser.</doc>
<status status="PASS" start="2025-06-07T23:39:30.040077" elapsed="2.214746"/>
</kw>
<status status="PASS" start="2025-06-07T23:39:23.342088" elapsed="8.913342"/>
</test>
<doc>To validate the Login form</doc>
<status status="PASS" start="2025-06-07T23:39:15.232841" elapsed="17.024779"/>
</suite>
<statistics>
<total>
<stat pass="2" fail="0" skip="0">All Tests</stat>
</total>
<tag>
</tag>
<suite>
<stat name="Test" id="s1" pass="2" fail="0" skip="0">Test</stat>
</suite>
</statistics>
<errors>
<msg time="2025-06-07T23:39:21.089787" level="WARN">Keyword 'Element Text Should Be' found both from a custom library 'SeleniumLibrary' and a standard library 'XML'. The custom keyword is used. To select explicitly, and to get rid of this warning, use either 'SeleniumLibrary.Element Text Should Be' or 'XML.Element Text Should Be'.</msg>
</errors>
</robot>
