<?xml version="1.0" encoding="UTF-8"?>
<robot generator="Robot 7.2.2 (Python 3.13.2 on win32)" generated="2025-05-27T09:07:57.923456" rpa="false" schemaversion="5">
<suite id="s1" name="Test" source="F:\Test project\Custome_Keywords\test.robot">
<test id="s1-t1" name="Validate UnSuccesful Login" line="18">
<kw name="open the browser with the Mortagage payment url" owner="resource" type="SETUP">
<kw name="Create Webdriver" owner="SeleniumLibrary">
<msg time="2025-05-27T09:07:58.456128" level="INFO">Creating an instance of the Chrome WebDriver.</msg>
<arg>Chrome</arg>
<doc>Creates an instance of Selenium WebDriver.</doc>
<status status="PASS" start="2025-05-27T09:07:58.455983" elapsed="3.613667"/>
</kw>
<kw name="Go To" owner="SeleniumLibrary">
<msg time="2025-05-27T09:08:02.070255" level="INFO">Opening url 'https://rahulshettyacademy.com/loginpagePractise/'</msg>
<arg>${Url}</arg>
<doc>Navigates the current browser window to the provided ``url``.</doc>
<status status="PASS" start="2025-05-27T09:08:02.069979" elapsed="1.052643"/>
</kw>
<kw name="Maximize Browser Window" owner="SeleniumLibrary">
<doc>Maximizes current browser window.</doc>
<status status="PASS" start="2025-05-27T09:08:03.125724" elapsed="0.134539"/>
</kw>
<status status="PASS" start="2025-05-27T09:07:58.455288" elapsed="4.805154"/>
</kw>
<kw name="Fill the Loging form">
<kw name="Input Text" owner="SeleniumLibrary">
<msg time="2025-05-27T09:08:03.284963" level="INFO">Typing text 'rahulshe' into text field 'id:username'.</msg>
<arg>id:username</arg>
<arg>${userId}</arg>
<doc>Types the given ``text`` into the text field identified by ``locator``.</doc>
<status status="PASS" start="2025-05-27T09:08:03.276684" elapsed="0.688905"/>
</kw>
<kw name="Input Password" owner="SeleniumLibrary">
<msg time="2025-05-27T09:08:03.966488" level="INFO">Typing password into text field 'id:password'.</msg>
<msg time="2025-05-27T09:08:04.064334" level="INFO">Temporally setting log level to: NONE</msg>
<arg>id:password</arg>
<arg>${password}</arg>
<doc>Types the given password into the text field identified by ``locator``.</doc>
<status status="PASS" start="2025-05-27T09:08:03.965826" elapsed="0.316288"/>
</kw>
<kw name="Click Button" owner="SeleniumLibrary">
<msg time="2025-05-27T09:08:04.282806" level="INFO">Clicking button 'signInBtn'.</msg>
<arg>signInBtn</arg>
<doc>Clicks the button identified by ``locator``.</doc>
<status status="PASS" start="2025-05-27T09:08:04.282485" elapsed="0.083315"/>
</kw>
<arg>${User_invalid_id}</arg>
<arg>${User_invalidpass}</arg>
<status status="PASS" start="2025-05-27T09:08:03.268531" elapsed="1.097515"/>
</kw>
<kw name="wait until Element is located in the page">
<kw name="Wait Until Element Is Visible" owner="SeleniumLibrary">
<arg>${element}</arg>
<doc>Waits until the element ``locator`` is visible.</doc>
<status status="PASS" start="2025-05-27T09:08:04.368278" elapsed="2.092596"/>
</kw>
<arg>${Error_Message_Login}</arg>
<status status="PASS" start="2025-05-27T09:08:04.367030" elapsed="2.094381"/>
</kw>
<kw name="verify error message is correct">
<kw name="Element Text Should Be" owner="SeleniumLibrary">
<msg time="2025-05-27T09:08:06.463107" level="WARN">Keyword 'Element Text Should Be' found both from a custom library 'SeleniumLibrary' and a standard library 'XML'. The custom keyword is used. To select explicitly, and to get rid of this warning, use either 'SeleniumLibrary.Element Text Should Be' or 'XML.Element Text Should Be'.</msg>
<msg time="2025-05-27T09:08:06.464824" level="INFO">Verifying element 'css:.alert-danger' contains exact text 'Incorrect username/password.'.</msg>
<arg>${Error_Message_Login}</arg>
<arg>Incorrect username/password.</arg>
<doc>Verifies that element ``locator`` contains exact the text ``expected``.</doc>
<status status="PASS" start="2025-05-27T09:08:06.463221" elapsed="0.044477"/>
</kw>
<status status="PASS" start="2025-05-27T09:08:06.462350" elapsed="0.045709"/>
</kw>
<kw name="Close Browser" owner="SeleniumLibrary" type="TEARDOWN">
<doc>Closes the current browser.</doc>
<status status="PASS" start="2025-05-27T09:08:06.509202" elapsed="2.455302"/>
</kw>
<status status="PASS" start="2025-05-27T09:07:58.454598" elapsed="10.510578"/>
</test>
<test id="s1-t2" name="Validate Cards display in the shopping page" line="23">
<kw name="open the browser with the Mortagage payment url" owner="resource" type="SETUP">
<kw name="Create Webdriver" owner="SeleniumLibrary">
<msg time="2025-05-27T09:08:08.969414" level="INFO">Creating an instance of the Chrome WebDriver.</msg>
<arg>Chrome</arg>
<doc>Creates an instance of Selenium WebDriver.</doc>
<status status="PASS" start="2025-05-27T09:08:08.969032" elapsed="2.177339"/>
</kw>
<kw name="Go To" owner="SeleniumLibrary">
<msg time="2025-05-27T09:08:11.146947" level="INFO">Opening url 'https://rahulshettyacademy.com/loginpagePractise/'</msg>
<arg>${Url}</arg>
<doc>Navigates the current browser window to the provided ``url``.</doc>
<status status="PASS" start="2025-05-27T09:08:11.146674" elapsed="1.054490"/>
</kw>
<kw name="Maximize Browser Window" owner="SeleniumLibrary">
<doc>Maximizes current browser window.</doc>
<status status="PASS" start="2025-05-27T09:08:12.201513" elapsed="0.055607"/>
</kw>
<status status="PASS" start="2025-05-27T09:08:08.968302" elapsed="3.289067"/>
</kw>
<kw name="Fill the Loging form">
<kw name="Input Text" owner="SeleniumLibrary">
<msg time="2025-05-27T09:08:12.259280" level="INFO">Typing text 'rahulshettyacademy' into text field 'id:username'.</msg>
<arg>id:username</arg>
<arg>${userId}</arg>
<doc>Types the given ``text`` into the text field identified by ``locator``.</doc>
<status status="PASS" start="2025-05-27T09:08:12.258994" elapsed="0.214879"/>
</kw>
<kw name="Input Password" owner="SeleniumLibrary">
<msg time="2025-05-27T09:08:12.474501" level="INFO">Typing password into text field 'id:password'.</msg>
<msg time="2025-05-27T09:08:12.511931" level="INFO">Temporally setting log level to: NONE</msg>
<arg>id:password</arg>
<arg>${password}</arg>
<doc>Types the given password into the text field identified by ``locator``.</doc>
<status status="PASS" start="2025-05-27T09:08:12.474153" elapsed="0.133536"/>
</kw>
<kw name="Click Button" owner="SeleniumLibrary">
<msg time="2025-05-27T09:08:12.608309" level="INFO">Clicking button 'signInBtn'.</msg>
<arg>signInBtn</arg>
<doc>Clicks the button identified by ``locator``.</doc>
<status status="PASS" start="2025-05-27T09:08:12.607930" elapsed="0.078217"/>
</kw>
<arg>${User_Valid_id}</arg>
<arg>${User_valid_pass}</arg>
<status status="PASS" start="2025-05-27T09:08:12.258259" elapsed="0.428063"/>
</kw>
<kw name="wait until Element is located in the page">
<kw name="Wait Until Element Is Visible" owner="SeleniumLibrary">
<arg>${element}</arg>
<doc>Waits until the element ``locator`` is visible.</doc>
<status status="PASS" start="2025-05-27T09:08:12.687286" elapsed="10.247799"/>
</kw>
<arg>${Page}</arg>
<status status="PASS" start="2025-05-27T09:08:12.686755" elapsed="10.248607"/>
</kw>
<kw name="Verify card title in the shop page">
<kw name="Create List" owner="BuiltIn">
<msg time="2025-05-27T09:08:22.937702" level="INFO">@{listelements} = [ iphone X | Samsung Note 8 | Nokia Edge | Blackberry ]</msg>
<var>@{listelements}</var>
<arg>iphone X</arg>
<arg>Samsung Note 8</arg>
<arg>Nokia Edge</arg>
<arg>Blackberry</arg>
<doc>Returns a list containing given items.</doc>
<status status="PASS" start="2025-05-27T09:08:22.937248" elapsed="0.000542"/>
</kw>
<kw name="Get WebElements" owner="SeleniumLibrary">
<msg time="2025-05-27T09:08:22.956367" level="INFO">@{LIST} = [ &lt;selenium.webdriver.remote.webelement.WebElement (session="282f95d83a30100e00ca5df0bb070d58", element="f.80A9F937B407F10B4A939E79A0634FC6.d.658F38A7B3444EA86913DB858BB38F46.e.73")&gt; | &lt;selenium.webdr...</msg>
<var>@{LIST}</var>
<arg>css:.card-title</arg>
<doc>Returns a list of WebElement objects matching the ``locator``.</doc>
<status status="PASS" start="2025-05-27T09:08:22.938106" elapsed="0.018388"/>
</kw>
<kw name="Create List" owner="BuiltIn">
<msg time="2025-05-27T09:08:22.957701" level="INFO">@{actuallist} = [ ]</msg>
<var>@{actuallist}</var>
<doc>Returns a list containing given items.</doc>
<status status="PASS" start="2025-05-27T09:08:22.956927" elapsed="0.000864"/>
</kw>
<for flavor="IN">
<iter>
<kw name="Log" owner="BuiltIn">
<msg time="2025-05-27T09:08:23.000389" level="INFO">iphone X</msg>
<arg>${element.text}</arg>
<doc>Logs the given message with the given level.</doc>
<status status="PASS" start="2025-05-27T09:08:22.958998" elapsed="0.041561"/>
</kw>
<kw name="Append To List" owner="Collections">
<arg>${actuallist}</arg>
<arg>${element.text}</arg>
<doc>Adds ``values`` to the end of ``list``.</doc>
<status status="PASS" start="2025-05-27T09:08:23.000926" elapsed="0.014680"/>
</kw>
<var name="${element}">&lt;selenium.webdriver.remote.webelement.WebElement (session="282f95d83a30100e00ca5df0bb070d58", element="f.80A9F937B407F10B4A939E79A0634FC6.d.658F38A7B3444EA86913DB858BB38F46.e.73")&gt;</var>
<status status="PASS" start="2025-05-27T09:08:22.958513" elapsed="0.057372"/>
</iter>
<iter>
<kw name="Log" owner="BuiltIn">
<msg time="2025-05-27T09:08:23.034451" level="INFO">Samsung Note 8</msg>
<arg>${element.text}</arg>
<doc>Logs the given message with the given level.</doc>
<status status="PASS" start="2025-05-27T09:08:23.016615" elapsed="0.018005"/>
</kw>
<kw name="Append To List" owner="Collections">
<arg>${actuallist}</arg>
<arg>${element.text}</arg>
<doc>Adds ``values`` to the end of ``list``.</doc>
<status status="PASS" start="2025-05-27T09:08:23.034981" elapsed="0.037429"/>
</kw>
<var name="${element}">&lt;selenium.webdriver.remote.webelement.WebElement (session="282f95d83a30100e00ca5df0bb070d58", element="f.80A9F937B407F10B4A939E79A0634FC6.d.658F38A7B3444EA86913DB858BB38F46.e.74")&gt;</var>
<status status="PASS" start="2025-05-27T09:08:23.016297" elapsed="0.056318"/>
</iter>
<iter>
<kw name="Log" owner="BuiltIn">
<msg time="2025-05-27T09:08:23.089059" level="INFO">Nokia Edge</msg>
<arg>${element.text}</arg>
<doc>Logs the given message with the given level.</doc>
<status status="PASS" start="2025-05-27T09:08:23.073308" elapsed="0.015913"/>
</kw>
<kw name="Append To List" owner="Collections">
<arg>${actuallist}</arg>
<arg>${element.text}</arg>
<doc>Adds ``values`` to the end of ``list``.</doc>
<status status="PASS" start="2025-05-27T09:08:23.089549" elapsed="0.015273"/>
</kw>
<var name="${element}">&lt;selenium.webdriver.remote.webelement.WebElement (session="282f95d83a30100e00ca5df0bb070d58", element="f.80A9F937B407F10B4A939E79A0634FC6.d.658F38A7B3444EA86913DB858BB38F46.e.75")&gt;</var>
<status status="PASS" start="2025-05-27T09:08:23.072981" elapsed="0.031961"/>
</iter>
<iter>
<kw name="Log" owner="BuiltIn">
<msg time="2025-05-27T09:08:23.118601" level="INFO">Blackberry</msg>
<arg>${element.text}</arg>
<doc>Logs the given message with the given level.</doc>
<status status="PASS" start="2025-05-27T09:08:23.105393" elapsed="0.013380"/>
</kw>
<kw name="Append To List" owner="Collections">
<arg>${actuallist}</arg>
<arg>${element.text}</arg>
<doc>Adds ``values`` to the end of ``list``.</doc>
<status status="PASS" start="2025-05-27T09:08:23.119153" elapsed="0.014842"/>
</kw>
<var name="${element}">&lt;selenium.webdriver.remote.webelement.WebElement (session="282f95d83a30100e00ca5df0bb070d58", element="f.80A9F937B407F10B4A939E79A0634FC6.d.658F38A7B3444EA86913DB858BB38F46.e.76")&gt;</var>
<status status="PASS" start="2025-05-27T09:08:23.105136" elapsed="0.029052"/>
</iter>
<var>${element}</var>
<value>@{LIST}</value>
<status status="PASS" start="2025-05-27T09:08:22.958011" elapsed="0.176326"/>
</for>
<kw name="Lists Should Be Equal" owner="Collections">
<arg>${actuallist}</arg>
<arg>${listelements}</arg>
<doc>Fails if given lists are unequal.</doc>
<status status="PASS" start="2025-05-27T09:08:23.134774" elapsed="0.000601"/>
</kw>
<status status="PASS" start="2025-05-27T09:08:22.936498" elapsed="0.199089"/>
</kw>
<kw name="Hello" owner="shop">
<msg time="2025-05-27T09:08:23.136735" level="INFO">Riyan</msg>
<status status="PASS" start="2025-05-27T09:08:23.136272" elapsed="0.000623"/>
</kw>
<kw name="Add Card Shop List" owner="shop">
<msg time="2025-05-27T09:08:23.198658" level="INFO">Clicking button 'xpath:(//*[@class = 'card-footer'])[1]/button'.</msg>
<msg time="2025-05-27T09:08:23.371540" level="INFO">Clicking button 'xpath:(//*[@class = 'card-footer'])[1]/button'.</msg>
<arg>${productLists}</arg>
<status status="PASS" start="2025-05-27T09:08:23.137422" elapsed="0.380501"/>
</kw>
<kw name="Close Browser" owner="SeleniumLibrary" type="TEARDOWN">
<doc>Closes the current browser.</doc>
<status status="PASS" start="2025-05-27T09:08:23.519051" elapsed="2.329675"/>
</kw>
<status status="PASS" start="2025-05-27T09:08:08.967000" elapsed="16.882317"/>
</test>
<doc>To validate the Login form</doc>
<status status="PASS" start="2025-05-27T09:07:57.926283" elapsed="27.925285"/>
</suite>
<statistics>
<total>
<stat pass="2" fail="0" skip="0">All Tests</stat>
</total>
<tag>
</tag>
<suite>
<stat name="Test" id="s1" pass="2" fail="0" skip="0">Test</stat>
</suite>
</statistics>
<errors>
<msg time="2025-05-27T09:08:06.463107" level="WARN">Keyword 'Element Text Should Be' found both from a custom library 'SeleniumLibrary' and a standard library 'XML'. The custom keyword is used. To select explicitly, and to get rid of this warning, use either 'SeleniumLibrary.Element Text Should Be' or 'XML.Element Text Should Be'.</msg>
</errors>
</robot>
