<?xml version="1.0" encoding="UTF-8"?>
<robot generator="Robot 7.2.2 (Python 3.13.2 on win32)" generated="2025-09-27T03:15:26.593618" rpa="false" schemaversion="5">
<suite id="s1" name="Test" source="F:\Test project\Custome_Keywords\test.robot">
<test id="s1-t1" name="API Test Create and delete item" line="56">
<kw name="open the browser with the Mortagage payment url" owner="resource" type="SETUP">
<kw name="Create Webdriver" owner="SeleniumLibrary">
<msg time="2025-09-27T03:15:27.061727" level="INFO">Creating an instance of the Firefox WebDriver.</msg>
<arg>Firefox</arg>
<doc>Creates an instance of Selenium WebDriver.</doc>
<status status="PASS" start="2025-09-27T03:15:27.061577" elapsed="6.241887"/>
</kw>
<kw name="Go To" owner="SeleniumLibrary">
<msg time="2025-09-27T03:15:33.304942" level="INFO">Opening url 'https://rahulshettyacademy.com/loginpagePractise/'</msg>
<arg>${Url}</arg>
<doc>Navigates the current browser window to the provided ``url``.</doc>
<status status="PASS" start="2025-09-27T03:15:33.304306" elapsed="0.789229"/>
</kw>
<kw name="Maximize Browser Window" owner="SeleniumLibrary">
<doc>Maximizes current browser window.</doc>
<status status="PASS" start="2025-09-27T03:15:34.093831" elapsed="0.003045"/>
</kw>
<status status="PASS" start="2025-09-27T03:15:27.060549" elapsed="7.036508"/>
</kw>
<kw name="Create Session and Login" owner="APIpage">
<kw name="Create Session" owner="RequestsLibrary">
<msg time="2025-09-27T03:15:34.098620" level="INFO">Creating Session using : alias=api_session, url=https://rahulshettyacademy.com/loginpagePractise/, headers={},                     cookies={}, auth=None, timeout=None, proxies=None, verify=False,                     debug=0 </msg>
<arg>api_session</arg>
<arg>${BASE_URL}</arg>
<doc>Create Session: create a HTTP session to a server</doc>
<status status="PASS" start="2025-09-27T03:15:34.098352" elapsed="0.000575"/>
</kw>
<kw name="Create Dictionary" owner="BuiltIn">
<msg time="2025-09-27T03:15:34.099583" level="INFO">${LOGIN_BODY} = {'username': 'rahulshettyacademy', 'password': 'learning'}</msg>
<var>${LOGIN_BODY}</var>
<arg>username=rahulshettyacademy</arg>
<arg>password=learning</arg>
<doc>Creates and returns a dictionary based on the given ``items``.</doc>
<status status="PASS" start="2025-09-27T03:15:34.099171" elapsed="0.000457"/>
</kw>
<kw name="POST On Session" owner="RequestsLibrary">
<msg time="2025-09-27T03:15:34.837803" level="INFO">POST Request : url=https://rahulshettyacademy.com/loginpagePractise/login 
 path_url=/loginpagePractise/login 
 headers={'User-Agent': 'python-requests/2.32.5', 'Accept-Encoding': 'gzip, deflate', 'Accept': '*/*', 'Connection': 'keep-alive', 'Content-Length': '58', 'Content-Type': 'application/json'} 
 body=b'{"username": "rahulshettyacademy", "password": "learning"}' 
 </msg>
<msg time="2025-09-27T03:15:34.837984" level="INFO">POST Response : url=https://rahulshettyacademy.com/loginpagePractise/login 
 status=404, reason=Not Found 
 headers={'Date': 'Sat, 27 Sep 2025 00:15:35 GMT', 'Server': 'Apache/2.4.52 (Ubuntu)', 'Cache-Control': 'no-cache, private', 'Connection': 'close', 'Content-Type': 'text/html; charset=UTF-8'} 
 body=&lt;!DOCTYPE html&gt;
&lt;html lang="en"&gt;
    &lt;head&gt;
        &lt;meta charset="utf-8"&gt;
        &lt;meta name="viewport" content="width=device-width, initial-scale=1"&gt;

        &lt;title&gt;Not Found&lt;/title&gt;

        &lt;!-- Fonts --&gt;
        &lt;link rel="preconnect" href="https://fonts.gstatic.com"&gt;
        &lt;link href="https://fonts.googleapis.com/css2?family=Nunito&amp;display=swap" rel="stylesheet"&gt;

        &lt;style&gt;
            /*! normalize.css v8.0.1 | MIT License | github.com/necolas/normalize.css */html{line-height:1.15;-webkit-text-size-adjust:100%}body{margin:0}a{background-color:transparent}code{font-family:monospace,monospace;font-size:1em}[hidden]{display:none}html{font-family:system-ui,-apple-system,BlinkMacSystemFont,Segoe UI,Roboto,Helvetica Neue,Arial,Noto Sans,sans-serif,Apple Color Emoji,Segoe UI Emoji,Segoe UI Symbol,Noto Color Emoji;line-height:1.5}*,:after,:before{box-sizing:border-box;border:0 solid #e2e8f0}a{color:inherit;text-decoration:inherit}code{font-family:Menlo,Monaco,Consolas,Liberation Mono,Courier New,monospace}svg,video{display:block;vertical-align:middle}video{max-width:100%;height:auto}.bg-white{--bg-opacity:1;background-color:#fff;background-color:rgba(255,255,255,var(--bg-opacity))}.bg-gray-100{--bg-opacity:1;background-color:#f7fafc;background-color:rgba(247,250,252,var(--bg-opacity))}.border-gray-200{--border-opacity:1;border-color:#edf2f7;border-color:rgba(237,242,247,var(--border-opacity))}.border-gray-400{--border-opacity:1;border-color:#cbd5e0;border-color:rgba(203,213,224,var(--border-opacity))}.border-t{border-top-width:1px}.border-r{border-right-width:1px}.flex{display:flex}.grid{display:grid}.hidden{display:none}.items-center{align-items:center}.justify-center{justify-content:center}.font-semibold{font-weight:600}.h-5{height:1.25rem}.h-8{height:2rem}.h-16{height:4rem}.text-sm{font-size:.875rem}.text-lg{font-size:1.125rem}.leading-7{line-height:1.75rem}.mx-auto{margin-left:auto;margin-right:auto}.ml-1{margin-left:.25rem}.mt-2{margin-top:.5rem}.mr-2{margin-right:.5rem}.ml-2{margin-left:.5rem}.mt-4{margin-top:1rem}.ml-4{margin-left:1rem}.mt-8{margin-top:2rem}.ml-12{margin-left:3rem}.-mt-px{margin-top:-1px}.max-w-xl{max-width:36rem}.max-w-6xl{max-width:72rem}.min-h-screen{min-height:100vh}.overflow-hidden{overflow:hidden}.p-6{padding:1.5rem}.py-4{padding-top:1rem;padding-bottom:1rem}.px-4{padding-left:1rem;padding-right:1rem}.px-6{padding-left:1.5rem;padding-right:1.5rem}.pt-8{padding-top:2rem}.fixed{position:fixed}.relative{position:relative}.top-0{top:0}.right-0{right:0}.shadow{box-shadow:0 1px 3px 0 rgba(0,0,0,.1),0 1px 2px 0 rgba(0,0,0,.06)}.text-center{text-align:center}.text-gray-200{--text-opacity:1;color:#edf2f7;color:rgba(237,242,247,var(--text-opacity))}.text-gray-300{--text-opacity:1;color:#e2e8f0;color:rgba(226,232,240,var(--text-opacity))}.text-gray-400{--text-opacity:1;color:#cbd5e0;color:rgba(203,213,224,var(--text-opacity))}.text-gray-500{--text-opacity:1;color:#a0aec0;color:rgba(160,174,192,var(--text-opacity))}.text-gray-600{--text-opacity:1;color:#718096;color:rgba(113,128,150,var(--text-opacity))}.text-gray-700{--text-opacity:1;color:#4a5568;color:rgba(74,85,104,var(--text-opacity))}.text-gray-900{--text-opacity:1;color:#1a202c;color:rgba(26,32,44,var(--text-opacity))}.uppercase{text-transform:uppercase}.underline{text-decoration:underline}.antialiased{-webkit-font-smoothing:antialiased;-moz-osx-font-smoothing:grayscale}.tracking-wider{letter-spacing:.05em}.w-5{width:1.25rem}.w-8{width:2rem}.w-auto{width:auto}.grid-cols-1{grid-template-columns:repeat(1,minmax(0,1fr))}@-webkit-keyframes spin{0%{transform:rotate(0deg)}to{transform:rotate(1turn)}}@keyframes  spin{0%{transform:rotate(0deg)}to{transform:rotate(1turn)}}@-webkit-keyframes ping{0%{transform:scale(1);opacity:1}75%,to{transform:scale(2);opacity:0}}@keyframes  ping{0%{transform:scale(1);opacity:1}75%,to{transform:scale(2);opacity:0}}@-webkit-keyframes pulse{0%,to{opacity:1}50%{opacity:.5}}@keyframes  pulse{0%,to{opacity:1}50%{opacity:.5}}@-webkit-keyframes bounce{0%,to{transform:translateY(-25%);-webkit-animation-timing-function:cubic-bezier(.8,0,1,1);animation-timing-function:cubic-bezier(.8,0,1,1)}50%{transform:translateY(0);-webkit-animation-timing-function:cubic-bezier(0,0,.2,1);animation-timing-function:cubic-bezier(0,0,.2,1)}}@keyframes  bounce{0%,to{transform:translateY(-25%);-webkit-animation-timing-function:cubic-bezier(.8,0,1,1);animation-timing-function:cubic-bezier(.8,0,1,1)}50%{transform:translateY(0);-webkit-animation-timing-function:cubic-bezier(0,0,.2,1);animation-timing-function:cubic-bezier(0,0,.2,1)}}@media (min-width:640px){.sm\:rounded-lg{border-radius:.5rem}.sm\:block{display:block}.sm\:items-center{align-items:center}.sm\:justify-start{justify-content:flex-start}.sm\:justify-between{justify-content:space-between}.sm\:h-20{height:5rem}.sm\:ml-0{margin-left:0}.sm\:px-6{padding-left:1.5rem;padding-right:1.5rem}.sm\:pt-0{padding-top:0}.sm\:text-left{text-align:left}.sm\:text-right{text-align:right}}@media (min-width:768px){.md\:border-t-0{border-top-width:0}.md\:border-l{border-left-width:1px}.md\:grid-cols-2{grid-template-columns:repeat(2,minmax(0,1fr))}}@media (min-width:1024px){.lg\:px-8{padding-left:2rem;padding-right:2rem}}@media (prefers-color-scheme:dark){.dark\:bg-gray-800{--bg-opacity:1;background-color:#2d3748;background-color:rgba(45,55,72,var(--bg-opacity))}.dark\:bg-gray-900{--bg-opacity:1;background-color:#1a202c;background-color:rgba(26,32,44,var(--bg-opacity))}.dark\:border-gray-700{--border-opacity:1;border-color:#4a5568;border-color:rgba(74,85,104,var(--border-opacity))}.dark\:text-white{--text-opacity:1;color:#fff;color:rgba(255,255,255,var(--text-opacity))}.dark\:text-gray-400{--text-opacity:1;color:#cbd5e0;color:rgba(203,213,224,var(--text-opacity))}}
        &lt;/style&gt;

        &lt;style&gt;
            body {
                font-family: 'Nunito', sans-serif;
            }
        &lt;/style&gt;
    &lt;/head&gt;
    &lt;body class="antialiased"&gt;
        &lt;div class="relative flex items-top justify-center min-h-screen bg-gray-100 dark:bg-gray-900 sm:items-center sm:pt-0"&gt;
            &lt;div class="max-w-xl mx-auto sm:px-6 lg:px-8"&gt;
                &lt;div class="flex items-center pt-8 sm:justify-start sm:pt-0"&gt;
                    &lt;div class="px-4 text-lg text-gray-500 border-r border-gray-400 tracking-wider"&gt;
                        404                    &lt;/div&gt;

                    &lt;div class="ml-4 text-lg text-gray-500 uppercase tracking-wider"&gt;
                        Not Found                    &lt;/div&gt;
                &lt;/div&gt;
            &lt;/div&gt;
        &lt;/div&gt;
    &lt;/body&gt;
&lt;/html&gt;
 
 </msg>
<msg time="2025-09-27T03:15:34.838623" level="INFO">C:\Users\Rian\AppData\Local\Programs\Python\Python313\Lib\site-packages\urllib3\connectionpool.py:1097: InsecureRequestWarning: Unverified HTTPS request is being made to host 'rahulshettyacademy.com'. Adding certificate verification is strongly advised. See: https://urllib3.readthedocs.io/en/latest/advanced-usage.html#tls-warnings
  warnings.warn(</msg>
<msg time="2025-09-27T03:15:34.839063" level="FAIL">HTTPError: 404 Client Error: Not Found for url: https://rahulshettyacademy.com/loginpagePractise/login</msg>
<var>${resp}</var>
<arg>api_session</arg>
<arg>/login</arg>
<arg>json=${LOGIN_BODY}</arg>
<doc>Sends a POST request on a previously created HTTP Session.</doc>
<status status="FAIL" start="2025-09-27T03:15:34.099822" elapsed="0.829109">HTTPError: 404 Client Error: Not Found for url: https://rahulshettyacademy.com/loginpagePractise/login</status>
</kw>
<kw name="Should Be Equal As Strings" owner="BuiltIn">
<arg>${resp.status_code}</arg>
<arg>200</arg>
<doc>Fails if objects are unequal after converting them to strings.</doc>
<status status="NOT RUN" start="2025-09-27T03:15:34.929293" elapsed="0.000058"/>
</kw>
<kw name="Set Variable" owner="BuiltIn">
<var>${TOKEN}</var>
<arg>${resp.json()}[token]</arg>
<doc>Returns the given values which can then be assigned to a variables.</doc>
<status status="NOT RUN" start="2025-09-27T03:15:34.929512" elapsed="0.000031"/>
</kw>
<kw name="Set Global Variable" owner="BuiltIn">
<arg>${AUTH_TOKEN}</arg>
<arg>Bearer ${TOKEN}</arg>
<doc>Makes a variable available globally in all tests and suites.</doc>
<status status="NOT RUN" start="2025-09-27T03:15:34.929703" elapsed="0.000035"/>
</kw>
<status status="FAIL" start="2025-09-27T03:15:34.097824" elapsed="0.832113">HTTPError: 404 Client Error: Not Found for url: https://rahulshettyacademy.com/loginpagePractise/login</status>
</kw>
<kw name="Setup Test Headers" owner="APIpage">
<status status="NOT RUN" start="2025-09-27T03:15:34.930891" elapsed="0.000072"/>
</kw>
<status status="FAIL" start="2025-09-27T03:15:27.059860" elapsed="7.871635">HTTPError: 404 Client Error: Not Found for url: https://rahulshettyacademy.com/loginpagePractise/login</status>
</test>
<doc>A resousce file is used for reusedable keywords and variables</doc>
<status status="FAIL" start="2025-09-27T03:15:26.594904" elapsed="8.337991"/>
</suite>
<statistics>
<total>
<stat pass="0" fail="1" skip="0">All Tests</stat>
</total>
<tag>
</tag>
<suite>
<stat name="Test" id="s1" pass="0" fail="1" skip="0">Test</stat>
</suite>
</statistics>
<errors>
<msg time="2025-09-27T03:15:26.595176" level="ERROR">Error in file 'F:\Test project\Custome_Keywords\test.robot' on line 32: Setting variable '${CREATED_ITEM_ID} ${EMPTY}' failed: Invalid variable name '${CREATED_ITEM_ID} ${EMPTY}'.</msg>
<msg time="2025-09-27T03:15:26.998944" level="WARN">Error in file 'F:\Test project\Custome_Keywords\PO\APIpage.robot' on line 29: The '[Return]' setting is deprecated. Use the 'RETURN' statement instead.</msg>
</errors>
</robot>
