<?xml version="1.0" encoding="UTF-8"?>
<robot generator="Rebot 7.2.2 (Python 3.13.2 on win32)" generated="2026-01-10T19:18:42.351794" rpa="false" schemaversion="5">
<suite id="s1" name="Api" source="F:\Test project\Custome_Keywords\api.robot">
<test id="s1-t1" name="play around with the dictionary" line="9">
<kw name="Create Dictionary" owner="BuiltIn">
<msg time="2026-01-10T19:18:42.024247" level="INFO">&amp;{data} = { name=rahulshetty | courese=robot | website=rahulshettyacademy.com }</msg>
<var>&amp;{data}</var>
<arg>name=rahulshetty</arg>
<arg>courese=robot</arg>
<arg>website=rahulshettyacademy.com</arg>
<doc>Creates and returns a dictionary based on the given ``items``.</doc>
<status status="PASS" start="2026-01-10T19:18:42.023924" elapsed="0.000359"/>
</kw>
<kw name="Log" owner="BuiltIn">
<msg time="2026-01-10T19:18:42.024571" level="INFO">{'name': 'rahulshetty', 'courese': 'robot', 'website': 'rahulshettyacademy.com'}</msg>
<arg>${data}</arg>
<doc>Logs the given message with the given level.</doc>
<status status="PASS" start="2026-01-10T19:18:42.024421" elapsed="0.000194"/>
</kw>
<kw name="Dictionary Should Contain Key" owner="Collections">
<arg>${data}</arg>
<arg>website</arg>
<doc>Fails if ``key`` is not found from ``dictionary``.</doc>
<status status="PASS" start="2026-01-10T19:18:42.024703" elapsed="0.000147"/>
</kw>
<kw name="Log" owner="BuiltIn">
<msg time="2026-01-10T19:18:42.025043" level="INFO">rahulshettyacademy.com</msg>
<arg>${data}[website]</arg>
<doc>Logs the given message with the given level.</doc>
<status status="PASS" start="2026-01-10T19:18:42.024935" elapsed="0.000143"/>
</kw>
<status status="PASS" start="2026-01-10T19:18:42.023130" elapsed="0.002029"/>
</test>
<doc>[https://pabot.org/?ref=log|Pabot] result from 1 executions.</doc>
<status status="PASS" start="2026-01-10T19:18:41.712000" elapsed="0.002000"/>
</suite>
<statistics>
<total>
<stat pass="1" fail="0" skip="0">All Tests</stat>
</total>
<tag>
</tag>
<suite>
<stat name="Api" id="s1" pass="1" fail="0" skip="0">Api</stat>
</suite>
</statistics>
<errors>
</errors>
</robot>
